<?xml version="1.0" encoding="UTF-8"?>
<testng-results ignored="0" total="2" passed="2" failed="0" skipped="0">
  <reporter-output>
  </reporter-output>
  <suite started-at="2023-07-20T15:01:35 IST" name="Suite" finished-at="2023-07-20T15:01:52 IST" duration-ms="16585">
    <groups>
    </groups>
    <test started-at="2023-07-20T15:01:35 IST" name="Test" finished-at="2023-07-20T15:01:52 IST" duration-ms="16585">
      <class name="tst.basic">
        <test-method is-config="true" signature="Basicc()[pri:0, instance:tst.basic@7d0b7e3c]" started-at="2023-07-20T15:01:28 IST" name="Basicc" finished-at="2023-07-20T15:01:35 IST" duration-ms="7303" status="PASS">
          <reporter-output>
          </reporter-output>
        </test-method> <!-- Basicc -->
        <test-method signature="Test3()[pri:1, instance:tst.basic@7d0b7e3c]" started-at="2023-07-20T15:01:35 IST" name="Test3" finished-at="2023-07-20T15:01:35 IST" duration-ms="18" status="PASS">
          <reporter-output>
          </reporter-output>
        </test-method> <!-- Test3 -->
        <test-method signature="Test1()[pri:2, instance:tst.basic@7d0b7e3c]" started-at="2023-07-20T15:01:35 IST" name="Test1" finished-at="2023-07-20T15:01:52 IST" duration-ms="16512" status="PASS">
          <reporter-output>
          </reporter-output>
        </test-method> <!-- Test1 -->
        <test-method is-config="true" signature="closing()[pri:0, instance:tst.basic@7d0b7e3c]" started-at="2023-07-20T15:01:52 IST" name="closing" finished-at="2023-07-20T15:01:53 IST" duration-ms="947" status="PASS">
          <reporter-output>
          </reporter-output>
        </test-method> <!-- closing -->
      </class> <!-- tst.basic -->
    </test> <!-- Test -->
  </suite> <!-- Suite -->
</testng-results>
