<?xml version="1.0" encoding="UTF-8"?>
<testng-results ignored="0" total="2" passed="2" failed="0" skipped="0">
  <reporter-output>
  </reporter-output>
  <suite started-at="2023-07-13T09:58:48 IST" name="Default suite" finished-at="2023-07-13T09:59:03 IST" duration-ms="15064">
    <groups>
    </groups>
    <test started-at="2023-07-13T09:58:48 IST" name="Default test" finished-at="2023-07-13T09:59:03 IST" duration-ms="15064">
      <class name="tst.basic">
        <test-method is-config="true" signature="Basicc()[pri:0, instance:tst.basic@6bd61f98]" started-at="2023-07-13T09:58:39 IST" name="Basicc" finished-at="2023-07-13T09:58:48 IST" duration-ms="9184" status="PASS">
          <reporter-output>
          </reporter-output>
        </test-method> <!-- Basicc -->
        <test-method signature="Test3()[pri:1, instance:tst.basic@6bd61f98]" started-at="2023-07-13T09:58:48 IST" name="Test3" finished-at="2023-07-13T09:58:48 IST" duration-ms="16" status="PASS">
          <reporter-output>
          </reporter-output>
        </test-method> <!-- Test3 -->
        <test-method signature="Test1()[pri:2, instance:tst.basic@6bd61f98]" started-at="2023-07-13T09:58:48 IST" name="Test1" finished-at="2023-07-13T09:59:03 IST" duration-ms="15019" status="PASS">
          <reporter-output>
          </reporter-output>
        </test-method> <!-- Test1 -->
        <test-method is-config="true" signature="closing()[pri:0, instance:tst.basic@6bd61f98]" started-at="2023-07-13T09:59:03 IST" name="closing" finished-at="2023-07-13T09:59:03 IST" duration-ms="90" status="PASS">
          <reporter-output>
          </reporter-output>
        </test-method> <!-- closing -->
      </class> <!-- tst.basic -->
    </test> <!-- Default test -->
  </suite> <!-- Default suite -->
</testng-results>
